Arguments: 
  C:\Program Files\nodejs\node.exe C:\Program Files\nodejs\node_modules\yarn\bin\yarn.js add docopt

PATH: 
  C:\Program Files\Git\mingw64\bin;C:\Program Files\Git\usr\bin;C:\Users\Karel\bin;C:\ProgramData\DockerDesktop\version-bin;C:\Program Files\Docker\Docker\Resources\bin;D:\Rtools\bin;D:\Rtools\mingw_32\bin;C:\ProgramData\Oracle\Java\javapath;C:\Windows\system32;C:\Windows;C:\Windows\System32\Wbem;C:\Windows\System32\WindowsPowerShell\v1.0;C:\Program Files (x86)\NVIDIA Corporation\PhysX\Common;C:\Program Files (x86)\Skype\Phone;C:\Program Files (x86)\GtkSharp\2.12\bin;C:\Program Files (x86)\Bitvise SSH Client;C:\Python27;C:\Program Files\dotnet;C:\Windows\system32;C:\Windows;C:\Windows\System32\Wbem;C:\Windows\System32\WindowsPowerShell\v1.0;D:\nvm;C:\Program Files\nodejs;C:\Windows\System32\OpenSSH;C:\Program Files\Git\cmd;C:\Program Files (x86)\IVI Foundation\VISA\WinNT\Bin;C:\Program Files\Microsoft SQL Server\130\Tools\Binn;D:\Software\Python37\Scripts;D:\Software\Python37;C:\Users\Karel\AppData\Local\Microsoft\WindowsApps;C:\Python27;C:\Users\Karel\AppData\Roaming\npm;D:\Program Files (x86)\Microsoft VS Code\bin;C:\Python27\Scripts;D:\Program Files (x86)\Heroku\bin;C:\Program Files (x86)\Microsoft VS Code\bin;D:\nvm;C:\Program Files\nodejs;C:\Users\Karel\AppData\Local\Programs\Microsoft VS Code\bin;C:\Users\Karel\AppData\Roaming\TinyTeX\bin\win32;C:\Users\Karel\AppData\Roaming\Python\Python37\Scripts

Yarn version: 
  1.16.0

Node version: 
  10.15.3

Platform: 
  win32 x64

Trace: 
  SyntaxError: D:\Synced\Other\Pokemon\js-simulator\package.json: Unexpected token / in JSON at position 54
      at JSON.parse (<anonymous>)
      at D:\nvm\v10.15.3\node_modules\yarn\lib\cli.js:1625:59
      at Generator.next (<anonymous>)
      at step (D:\nvm\v10.15.3\node_modules\yarn\lib\cli.js:304:30)
      at D:\nvm\v10.15.3\node_modules\yarn\lib\cli.js:315:13

npm manifest: 
  {
    "bin": {
      "battle": ""
    },
    "scripts": {
      // compile coffeescript dependency, because coffeescript is dumb and antiquated.
      "postinstall": "coffee -c ./node_modules/pokemon-battle"
    },
    "dependencies": {
      "pokemon-battle": "^1.3.0"
    }
  }

yarn manifest: 
  No manifest

Lockfile: 
  # THIS IS AN AUTOGENERATED FILE. DO NOT EDIT THIS FILE DIRECTLY.
  # yarn lockfile v1
  
  
  coffee-script@latest:
    version "1.12.7"
    resolved "https://registry.yarnpkg.com/coffee-script/-/coffee-script-1.12.7.tgz#c05dae0cb79591d05b3070a8433a98c9a89ccc53"
    integrity sha512-fLeEhqwymYat/MpTPUjSKHVYYl0ec2mOyALEMLmzr5i1isuG+6jfI2j2d5oBO3VIzgUXgBVIcOT9uH1TFxBckw==
  
  pokemon-battle@^1.3.0:
    version "1.3.0"
    resolved "https://registry.yarnpkg.com/pokemon-battle/-/pokemon-battle-1.3.0.tgz#40e306ac86c8d508e5fc2e110900efe8794e834f"
    integrity sha1-QOMGrIbI1Qjl/C4RCQDv6HlOg08=
    dependencies:
      coffee-script latest
